Unity Editor version:    2022.3.7f1 (b16b3b16c7a0)
Branch:                  2022.3/staging
Build type:              Release
Batch mode:              YES
macOS version:           Version 15.0.1 (Build 24A348)
Darwin version:          24.0.0
Architecture:            arm64
Running under Rosetta:   NO
Available memory:        16384 MB
Using pre-set license
Pro License: YES

COMMAND LINE ARGUMENTS:
/Applications/Unity/Hub/Editor/2022.3.7f1/Unity.app/Contents/MacOS/Unity
-adb2
-batchMode
-noUpm
-name
AssetImportWorker0
-projectPath
/Users/sebastianbravo/Developer/DEMO VR
-logFile
Logs/AssetImportWorker0.log
-srvPort
64377
Successfully changed project path to: /Users/sebastianbravo/Developer/DEMO VR
/Users/sebastianbravo/Developer/DEMO VR
[UnityMemory] Configuration Parameters - Can be set up in boot.config
    "memorysetup-bucket-allocator-granularity=16"
    "memorysetup-bucket-allocator-bucket-count=8"
    "memorysetup-bucket-allocator-block-size=33554432"
    "memorysetup-bucket-allocator-block-count=8"
    "memorysetup-main-allocator-block-size=16777216"
    "memorysetup-thread-allocator-block-size=16777216"
    "memorysetup-gfx-main-allocator-block-size=16777216"
    "memorysetup-gfx-thread-allocator-block-size=16777216"
    "memorysetup-cache-allocator-block-size=4194304"
    "memorysetup-typetree-allocator-block-size=2097152"
    "memorysetup-profiler-bucket-allocator-granularity=16"
    "memorysetup-profiler-bucket-allocator-bucket-count=8"
    "memorysetup-profiler-bucket-allocator-block-size=33554432"
    "memorysetup-profiler-bucket-allocator-block-count=8"
    "memorysetup-profiler-allocator-block-size=16777216"
    "memorysetup-profiler-editor-allocator-block-size=1048576"
    "memorysetup-temp-allocator-size-main=16777216"
    "memorysetup-job-temp-allocator-block-size=2097152"
    "memorysetup-job-temp-allocator-block-size-background=1048576"
    "memorysetup-job-temp-allocator-reduction-small-platforms=262144"
    "memorysetup-allocator-temp-initial-block-size-main=262144"
    "memorysetup-allocator-temp-initial-block-size-worker=262144"
    "memorysetup-temp-allocator-size-background-worker=32768"
    "memorysetup-temp-allocator-size-job-worker=262144"
    "memorysetup-temp-allocator-size-preload-manager=33554432"
    "memorysetup-temp-allocator-size-nav-mesh-worker=65536"
    "memorysetup-temp-allocator-size-audio-worker=65536"
    "memorysetup-temp-allocator-size-cloud-worker=32768"
    "memorysetup-temp-allocator-size-gi-baking-worker=262144"
    "memorysetup-temp-allocator-size-gfx=262144"
Player connection [8451469888] Host "[IP] 127.0.2.2 [Port] 0 [Flags] 2 [Guid] 3808651569 [EditorId] 3808651569 [Version] 1048832 [Id] OSXEditor(0,Sebastians-MacBook-Air.local) [Debug] 1 [PackageName] OSXEditor [ProjectName] Editor" joined multi-casting on [225.0.0.222:54997]...

Player connection [8451469888] Host "[IP] 127.0.2.2 [Port] 0 [Flags] 2 [Guid] 3808651569 [EditorId] 3808651569 [Version] 1048832 [Id] OSXEditor(0,Sebastians-MacBook-Air.local) [Debug] 1 [PackageName] OSXEditor [ProjectName] Editor" joined alternative multi-casting on [225.0.0.222:34997]...

Refreshing native plugins compatible for Editor in 5.69 ms, found 2 plugins.
Preloading 0 native plugins for Editor in 0.00 ms.
Initialize engine version: 2022.3.7f1 (b16b3b16c7a0)
[Subsystems] Discovering subsystems at path /Applications/Unity/Hub/Editor/2022.3.7f1/Unity.app/Contents/Resources/UnitySubsystems
[Subsystems] Discovering subsystems at path /Users/sebastianbravo/Developer/DEMO VR/Assets
GfxDevice: creating device client; threaded=0; jobified=0
 preferred device: Apple M3 (high power)
Metal devices available: 1
0: Apple M3 (high power)
Using device Apple M3 (high power)
Initializing Metal device caps: Apple M3
Initialize mono
Mono path[0] = '/Applications/Unity/Hub/Editor/2022.3.7f1/Unity.app/Contents/Managed'
Mono path[1] = '/Applications/Unity/Hub/Editor/2022.3.7f1/Unity.app/Contents/MonoBleedingEdge/lib/mono/unityjit-macos'
Mono config path = '/Applications/Unity/Hub/Editor/2022.3.7f1/Unity.app/Contents/MonoBleedingEdge/etc'
Using monoOptions --debugger-agent=transport=dt_socket,embedding=1,server=y,suspend=n,address=127.0.0.1:56558
Begin MonoManager ReloadAssembly
Registering precompiled unity dll's ...
Register platform support module: /Applications/Unity/Hub/Editor/2022.3.7f1/Unity.app/Contents/PlaybackEngines/MacStandaloneSupport/UnityEditor.OSXStandalone.Extensions.dll
Registered in 0.004974 seconds.
- Loaded All Assemblies, in  0.480 seconds
Native extension for OSXStandalone target not found
Mono: successfully reloaded assembly
- Finished resetting the current domain, in  0.307 seconds
Domain Reload Profiling: 787ms
	BeginReloadAssembly (137ms)
		ExecutionOrderSort (0ms)
		DisableScriptedObjects (0ms)
		BackupInstance (0ms)
		ReleaseScriptingObjects (0ms)
		CreateAndSetChildDomain (1ms)
	RebuildCommonClasses (45ms)
	RebuildNativeTypeToScriptingClass (17ms)
	initialDomainReloadingComplete (67ms)
	LoadAllAssembliesAndSetupDomain (213ms)
		LoadAssemblies (138ms)
		RebuildTransferFunctionScriptingTraits (0ms)
		AnalyzeDomain (210ms)
			TypeCache.Refresh (208ms)
				TypeCache.ScanAssembly (189ms)
			ScanForSourceGeneratedMonoScriptInfo (1ms)
			ResolveRequiredComponents (1ms)
	FinalizeReload (308ms)
		ReleaseScriptCaches (0ms)
		RebuildScriptCaches (0ms)
		SetupLoadedEditorAssemblies (230ms)
			LogAssemblyErrors (0ms)
			InitializePlatformSupportModulesInManaged (8ms)
			SetLoadedEditorAssemblies (9ms)
			RefreshPlugins (0ms)
			BeforeProcessingInitializeOnLoad (3ms)
			ProcessInitializeOnLoadAttributes (154ms)
			ProcessInitializeOnLoadMethodAttributes (57ms)
			AfterProcessingInitializeOnLoad (0ms)
			EditorAssembliesLoaded (0ms)
		ExecutionOrderSort2 (0ms)
		AwakeInstancesAfterBackupRestoration (0ms)
========================================================================
Worker process is ready to serve import requests
Begin MonoManager ReloadAssembly
Symbol file LoadedFromMemory doesn't match image /Users/sebastianbravo/Developer/DEMO VR/Library/PackageCache/com.unity.visualscripting@1.8.0/Editor/VisualScripting.Core/Dependencies/YamlDotNet/Unity.VisualScripting.YamlDotNet.dll
Symbol file LoadedFromMemory doesn't match image /Users/sebastianbravo/Developer/DEMO VR/Library/PackageCache/com.unity.visualscripting@1.8.0/Editor/VisualScripting.Core/Dependencies/DotNetZip/Unity.VisualScripting.IonicZip.dll
- Loaded All Assemblies, in  0.883 seconds
Refreshing native plugins compatible for Editor in 1.48 ms, found 2 plugins.
Native extension for OSXStandalone target not found
Mono: successfully reloaded assembly
- Finished resetting the current domain, in  0.999 seconds
Domain Reload Profiling: 1882ms
	BeginReloadAssembly (143ms)
		ExecutionOrderSort (0ms)
		DisableScriptedObjects (6ms)
		BackupInstance (0ms)
		ReleaseScriptingObjects (0ms)
		CreateAndSetChildDomain (35ms)
	RebuildCommonClasses (43ms)
	RebuildNativeTypeToScriptingClass (15ms)
	initialDomainReloadingComplete (43ms)
	LoadAllAssembliesAndSetupDomain (639ms)
		LoadAssemblies (377ms)
		RebuildTransferFunctionScriptingTraits (0ms)
		AnalyzeDomain (319ms)
			TypeCache.Refresh (291ms)
				TypeCache.ScanAssembly (254ms)
			ScanForSourceGeneratedMonoScriptInfo (20ms)
			ResolveRequiredComponents (7ms)
	FinalizeReload (1000ms)
		ReleaseScriptCaches (0ms)
		RebuildScriptCaches (0ms)
		SetupLoadedEditorAssemblies (764ms)
			LogAssemblyErrors (0ms)
			InitializePlatformSupportModulesInManaged (6ms)
			SetLoadedEditorAssemblies (6ms)
			RefreshPlugins (0ms)
			BeforeProcessingInitializeOnLoad (68ms)
			ProcessInitializeOnLoadAttributes (655ms)
			ProcessInitializeOnLoadMethodAttributes (29ms)
			AfterProcessingInitializeOnLoad (1ms)
			EditorAssembliesLoaded (0ms)
		ExecutionOrderSort2 (0ms)
		AwakeInstancesAfterBackupRestoration (7ms)
Launching external process: /Applications/Unity/Hub/Editor/2022.3.7f1/Unity.app/Contents/Tools/UnityShaderCompiler
Launched and connected shader compiler UnityShaderCompiler after 0.04 seconds
Refreshing native plugins compatible for Editor in 1.48 ms, found 2 plugins.
Preloading 0 native plugins for Editor in 0.00 ms.
Unloading 3241 Unused Serialized files (Serialized files now loaded: 0)
Unloading 40 unused Assets / (53.8 KB). Loaded Objects now: 3704.
Memory consumption went from 127.9 MB to 127.9 MB.
Total: 4.847625 ms (FindLiveObjects: 0.205667 ms CreateObjectMapping: 0.067750 ms MarkObjects: 4.413417 ms  DeleteObjects: 0.159375 ms)

AssetImportParameters requested are different than current active one (requested -> active):
  custom:container-demuxer-ogg: 62fdf1f143b41e24485cea50d1cbac27 -> 
  custom:video-decoder-ogg-theora: a1e56fd34408186e4bbccfd4996cb3dc -> 
  custom:CustomObjectIndexerAttribute: 756ad292c208cfabdd7b50bc23989ffe -> 
  custom:container-demuxer-webm: 4f35f7cbe854078d1ac9338744f61a02 -> 
  custom:container-muxer-webm: aa71ff27fc2769a1b78a27578f13a17b -> 
  custom:video-decoder-webm-vp8: 9c59270c3fd7afecdb556c50c9e8de78 -> 
  custom:SearchIndexIgnoredProperties: e643bd26f0fe6173181afceb89e7c659 -> 
  custom:AudioImporter_EditorPlatform: 3918e3fc78b5a79bad01e8451be0beb8 -> 
  custom:framework-osx-AVFoundation: e770b220cccbd017edd2c1fefb359320 -> 
  custom:video-encoder-webm-vp8: eb34c28f22e8b96e1ab97ce403110664 -> 
  custom:audio-decoder-ogg-vorbis: bf7c407c2cedff20999df2af8eb42d56 -> 
  custom:audio-encoder-webm-vorbis: bf7c407c2cedff20999df2af8eb42d56 -> 
========================================================================
Received Import Request.
  Time since last request: 99842.652601 seconds.
  path: Assets/Audio/background01.mp3
  artifactKey: Guid(a1b54a221d9694c1baa42da0b62caf4f) Importer(815301076,1909f56bfc062723c751e8b465ee728b)
Start importing Assets/Audio/background01.mp3 using Guid(a1b54a221d9694c1baa42da0b62caf4f) Importer(815301076,1909f56bfc062723c751e8b465ee728b)  -> (artifact id: '70330bd392e263d57a2287122c8be0f8') in 0.112591 seconds
Number of updated asset objects reloaded before import = 0
Number of asset objects unloaded after import = 2
========================================================================
Received Import Request.
  Time since last request: 0.000220 seconds.
  path: Assets/Audio/background_action_scene.mp3
  artifactKey: Guid(c58398751c491449eb64c2546a7db805) Importer(815301076,1909f56bfc062723c751e8b465ee728b)
Start importing Assets/Audio/background_action_scene.mp3 using Guid(c58398751c491449eb64c2546a7db805) Importer(815301076,1909f56bfc062723c751e8b465ee728b)  -> (artifact id: '38757be5bbf262f393906ef897770a1c') in 0.009038 seconds
Number of updated asset objects reloaded before import = 0
Number of asset objects unloaded after import = 2
========================================================================
Received Import Request.
  Time since last request: 0.000145 seconds.
  path: Assets/Audio/audio_ingreso_invalido.mp3
  artifactKey: Guid(5d3ac90813c9e429eab7b970e928b3b0) Importer(815301076,1909f56bfc062723c751e8b465ee728b)
Start importing Assets/Audio/audio_ingreso_invalido.mp3 using Guid(5d3ac90813c9e429eab7b970e928b3b0) Importer(815301076,1909f56bfc062723c751e8b465ee728b)  -> (artifact id: 'dd0126709661950b1013e4998ffff7e8') in 0.007389 seconds
Number of updated asset objects reloaded before import = 0
Number of asset objects unloaded after import = 2
========================================================================
Received Import Request.
  Time since last request: 0.001168 seconds.
  path: Assets/Audio/audio_action_scene.mp3
  artifactKey: Guid(72f04a8ac4704435585abac666ea410f) Importer(815301076,1909f56bfc062723c751e8b465ee728b)
Start importing Assets/Audio/audio_action_scene.mp3 using Guid(72f04a8ac4704435585abac666ea410f) Importer(815301076,1909f56bfc062723c751e8b465ee728b)  -> (artifact id: 'e34d2c41b1b869156f0d13c1bbda2725') in 0.008852 seconds
Number of updated asset objects reloaded before import = 0
Number of asset objects unloaded after import = 2
========================================================================
Received Import Request.
  Time since last request: 0.000460 seconds.
  path: Assets/Audio/background02.mp3
  artifactKey: Guid(127bee9e197774d47990975a0e5b0530) Importer(815301076,1909f56bfc062723c751e8b465ee728b)
Start importing Assets/Audio/background02.mp3 using Guid(127bee9e197774d47990975a0e5b0530) Importer(815301076,1909f56bfc062723c751e8b465ee728b)  -> (artifact id: 'ec53a40fff81710e2aae2a5185aa4e79') in 0.009199 seconds
Number of updated asset objects reloaded before import = 0
Number of asset objects unloaded after import = 2
========================================================================
Received Import Request.
  Time since last request: 0.002363 seconds.
  path: Assets/Audio/background_main_scene.mp3
  artifactKey: Guid(e974050f9f4284ae7954e1e952ba918a) Importer(815301076,1909f56bfc062723c751e8b465ee728b)
Start importing Assets/Audio/background_main_scene.mp3 using Guid(e974050f9f4284ae7954e1e952ba918a) Importer(815301076,1909f56bfc062723c751e8b465ee728b)  -> (artifact id: '5a47b5772c7b1f4339cad34da174331a') in 0.009823 seconds
Number of updated asset objects reloaded before import = 0
Number of asset objects unloaded after import = 2
========================================================================
Received Import Request.
  Time since last request: 0.005940 seconds.
  path: Assets/Audio/gameover.mp3
  artifactKey: Guid(e838e953d3abf4c7585894bce25bdd75) Importer(815301076,1909f56bfc062723c751e8b465ee728b)
Start importing Assets/Audio/gameover.mp3 using Guid(e838e953d3abf4c7585894bce25bdd75) Importer(815301076,1909f56bfc062723c751e8b465ee728b)  -> (artifact id: '945413fd8e0e5a54b4c3145b0be48c43') in 0.009618 seconds
Number of updated asset objects reloaded before import = 0
Number of asset objects unloaded after import = 2
========================================================================
Received Import Request.
  Time since last request: 0.005720 seconds.
  path: Assets/Audio/background03.mp3
  artifactKey: Guid(a9bd00f964d5a40a0a419a624650b1e9) Importer(815301076,1909f56bfc062723c751e8b465ee728b)
Start importing Assets/Audio/background03.mp3 using Guid(a9bd00f964d5a40a0a419a624650b1e9) Importer(815301076,1909f56bfc062723c751e8b465ee728b)  -> (artifact id: 'd2c88d51750ca558997025090f6d9e8f') in 0.012275 seconds
Number of updated asset objects reloaded before import = 0
Number of asset objects unloaded after import = 2
========================================================================
Received Import Request.
  Time since last request: 0.003144 seconds.
  path: Assets/Audio/audio_caida.mp3
  artifactKey: Guid(58b79b09d3ae7463083a78a61f010b45) Importer(815301076,1909f56bfc062723c751e8b465ee728b)
Start importing Assets/Audio/audio_caida.mp3 using Guid(58b79b09d3ae7463083a78a61f010b45) Importer(815301076,1909f56bfc062723c751e8b465ee728b)  -> (artifact id: 'f1422e8502664dc6ca835bfc5af1c5b7') in 0.014812 seconds
Number of updated asset objects reloaded before import = 0
Number of asset objects unloaded after import = 2
========================================================================
Received Import Request.
  Time since last request: 0.004355 seconds.
  path: Assets/Audio/login_scene.mp3
  artifactKey: Guid(2ba1537a8f00d4e4689e8ac426d4efb3) Importer(815301076,1909f56bfc062723c751e8b465ee728b)
Start importing Assets/Audio/login_scene.mp3 using Guid(2ba1537a8f00d4e4689e8ac426d4efb3) Importer(815301076,1909f56bfc062723c751e8b465ee728b)  -> (artifact id: '3896b4955905fec59721a68acb2f7ff1') in 0.018117 seconds
Number of updated asset objects reloaded before import = 0
Number of asset objects unloaded after import = 2
Editor requested this worker to shutdown with reason: Scaling down because of idle timeout
TcpMessagingSession - receive error: operation aborted. errorcode: 89, details: Operation aborted.
AssetImportWorker is now disconnected from the server
Process exiting
